<?xml version="1.0" encoding="UTF-8"?>
<testng-results ignored="0" total="2" passed="2" failed="0" skipped="0">
  <reporter-output>
  </reporter-output>
  <suite started-at="2022-11-30T15:32:06 IST" name="Default suite" finished-at="2022-11-30T15:33:57 IST" duration-ms="110616">
    <groups>
      <group name="cucumber">
        <method signature="AbstractTestNGCucumberTests.runScenario(io.cucumber.testng.PickleWrapper,io.cucumber.testng.FeatureWrapper)[pri:0, instance:runner.runnerpage@510f3d34]" name="runScenario" class="io.cucumber.testng.AbstractTestNGCucumberTests"/>
      </group> <!-- cucumber -->
    </groups>
    <test started-at="2022-11-30T15:32:06 IST" name="Default test" finished-at="2022-11-30T15:33:57 IST" duration-ms="110616">
      <class name="runner.runnerpage">
        <test-method is-config="true" signature="setUpClass(org.testng.ITestContext)[pri:0, instance:runner.runnerpage@510f3d34]" started-at="2022-11-30T15:32:06 IST" name="setUpClass" finished-at="2022-11-30T15:32:07 IST" duration-ms="745" status="PASS">
          <params>
            <param index="0">
              <value>
                <![CDATA[org.testng.TestRunner@4de91056]]>
              </value>
            </param>
          </params>
          <reporter-output>
          </reporter-output>
        </test-method> <!-- setUpClass -->
        <test-method signature="runScenario(io.cucumber.testng.PickleWrapper,io.cucumber.testng.FeatureWrapper)[pri:0, instance:runner.runnerpage@510f3d34]" started-at="2022-11-30T15:32:07 IST" name="runScenario" description="Runs Cucumber Scenarios" data-provider="scenarios" finished-at="2022-11-30T15:33:09 IST" duration-ms="62088" status="PASS">
          <params>
            <param index="0">
              <value>
                <![CDATA["user should able to login to the application"]]>
              </value>
            </param>
            <param index="1">
              <value>
                <![CDATA["Login feature file"]]>
              </value>
            </param>
          </params>
          <reporter-output>
          </reporter-output>
        </test-method> <!-- runScenario -->
        <test-method signature="runScenario(io.cucumber.testng.PickleWrapper,io.cucumber.testng.FeatureWrapper)[pri:0, instance:runner.runnerpage@510f3d34]" started-at="2022-11-30T15:33:09 IST" name="runScenario" description="Runs Cucumber Scenarios" data-provider="scenarios" finished-at="2022-11-30T15:33:55 IST" duration-ms="45553" status="PASS">
          <params>
            <param index="0">
              <value>
                <![CDATA["user should able to login to the application"]]>
              </value>
            </param>
            <param index="1">
              <value>
                <![CDATA["Login feature file"]]>
              </value>
            </param>
          </params>
          <reporter-output>
          </reporter-output>
        </test-method> <!-- runScenario -->
        <test-method is-config="true" signature="tearDownClass()[pri:0, instance:runner.runnerpage@510f3d34]" started-at="2022-11-30T15:33:55 IST" name="tearDownClass" finished-at="2022-11-30T15:33:57 IST" duration-ms="2179" status="PASS">
          <reporter-output>
          </reporter-output>
        </test-method> <!-- tearDownClass -->
      </class> <!-- runner.runnerpage -->
    </test> <!-- Default test -->
  </suite> <!-- Default suite -->
</testng-results>
